<?xml version="1.0" encoding="utf-8"?><testsuites name="pytest tests"><testsuite name="pytest" errors="0" failures="1" skipped="0" tests="24" time="10.672" timestamp="2026-02-07T17:18:42.912722+00:00" hostname="agent-env-98b089e6-345a-4f9b-85fd-7af1cd58b79a"><testcase classname="backend.tests.test_jwt_blacklist_exports.TestJWTBlacklisting" name="test_login_success" time="0.326" /><testcase classname="backend.tests.test_jwt_blacklist_exports.TestJWTBlacklisting" name="test_logout_blacklists_token" time="0.408" /><testcase classname="backend.tests.test_jwt_blacklist_exports.TestJWTBlacklisting" name="test_logout_returns_proper_response" time="0.295"><failure message="assert 401 == 200&#10; +  where 401 = &lt;Response [401]&gt;.status_code">backend/tests/test_jwt_blacklist_exports.py:75: in test_logout_returns_proper_response
    assert logout_response.status_code == 200
E   assert 401 == 200
E    +  where 401 = &lt;Response [401]&gt;.status_code</failure></testcase><testcase classname="backend.tests.test_jwt_blacklist_exports.TestJWTBlacklisting" name="test_logout_without_auth_fails" time="0.036" /><testcase classname="backend.tests.test_jwt_blacklist_exports.TestChangePassword" name="test_change_password_success" time="1.753" /><testcase classname="backend.tests.test_jwt_blacklist_exports.TestChangePassword" name="test_change_password_invalidates_old_token" time="1.913" /><testcase classname="backend.tests.test_jwt_blacklist_exports.TestChangePassword" name="test_change_password_wrong_current_fails" time="0.569" /><testcase classname="backend.tests.test_jwt_blacklist_exports.TestExportJobCreation" name="test_create_shipments_csv_export" time="0.299" /><testcase classname="backend.tests.test_jwt_blacklist_exports.TestExportJobCreation" name="test_create_shipments_xlsx_export" time="0.320" /><testcase classname="backend.tests.test_jwt_blacklist_exports.TestExportJobCreation" name="test_create_shipments_pdf_export" time="0.413" /><testcase classname="backend.tests.test_jwt_blacklist_exports.TestExportJobCreation" name="test_create_payments_export" time="0.311" /><testcase classname="backend.tests.test_jwt_blacklist_exports.TestExportJobCreation" name="test_create_receivables_export" time="0.309" /><testcase classname="backend.tests.test_jwt_blacklist_exports.TestExportJobCreation" name="test_create_incentives_export" time="0.303" /><testcase classname="backend.tests.test_jwt_blacklist_exports.TestExportJobCreation" name="test_invalid_export_type_fails" time="0.318" /><testcase classname="backend.tests.test_jwt_blacklist_exports.TestExportJobCreation" name="test_invalid_format_fails" time="0.302" /><testcase classname="backend.tests.test_jwt_blacklist_exports.TestExportJobCreation" name="test_export_without_auth_fails" time="0.034" /><testcase classname="backend.tests.test_jwt_blacklist_exports.TestExportJobStatus" name="test_list_export_jobs" time="0.300" /><testcase classname="backend.tests.test_jwt_blacklist_exports.TestExportJobStatus" name="test_get_export_job_status" time="0.345" /><testcase classname="backend.tests.test_jwt_blacklist_exports.TestExportJobStatus" name="test_get_nonexistent_job_returns_error" time="0.295" /><testcase classname="backend.tests.test_jwt_blacklist_exports.TestExportDownload" name="test_download_csv_export" time="0.372" /><testcase classname="backend.tests.test_jwt_blacklist_exports.TestExportDownload" name="test_download_xlsx_export" time="0.376" /><testcase classname="backend.tests.test_jwt_blacklist_exports.TestExportDownload" name="test_download_pdf_export" time="0.371" /><testcase classname="backend.tests.test_jwt_blacklist_exports.TestExportDownload" name="test_download_nonexistent_export_fails" time="0.313" /><testcase classname="backend.tests.test_jwt_blacklist_exports.TestExportWithFilters" name="test_export_shipments_with_status_filter" time="0.305" /></testsuite></testsuites>