<?xml version="1.0" encoding="utf-8"?><testsuites name="pytest tests"><testsuite name="pytest" errors="0" failures="1" skipped="0" tests="13" time="1.526" timestamp="2026-02-07T17:25:17.659883+00:00" hostname="agent-env-98b089e6-345a-4f9b-85fd-7af1cd58b79a"><testcase classname="backend.tests.test_comprehensive_e2e.TestEBRCDeadlineLogic" name="test_ebrc_due_date_calculation" time="0.305"><failure message="assert None is not None">backend/tests/test_comprehensive_e2e.py:78: in test_ebrc_due_date_calculation
    assert days_remaining is not None
E   assert None is not None</failure></testcase><testcase classname="backend.tests.test_comprehensive_e2e.TestEBRCDeadlineLogic" name="test_critical_alert_for_old_shipments" time="0.009" /><testcase classname="backend.tests.test_comprehensive_e2e.TestEBRCRejection" name="test_ebrc_rejection_status_update" time="0.032" /><testcase classname="backend.tests.test_comprehensive_e2e.TestEBRCRejection" name="test_ebrc_rejection_reason_field" time="0.074" /><testcase classname="backend.tests.test_comprehensive_e2e.TestAgingBuckets" name="test_aging_bucket_0_30_days" time="0.014" /><testcase classname="backend.tests.test_comprehensive_e2e.TestAgingBuckets" name="test_receivables_due_date_based_on_credit_terms" time="0.013" /><testcase classname="backend.tests.test_comprehensive_e2e.TestRecordPaymentFlow" name="test_payment_reduces_outstanding" time="0.132" /><testcase classname="backend.tests.test_comprehensive_e2e.TestRecordPaymentFlow" name="test_full_payment_clears_receivable" time="0.079" /><testcase classname="backend.tests.test_comprehensive_e2e.TestNoPIIInLogs" name="test_list_endpoint_masks_pii" time="0.011" /><testcase classname="backend.tests.test_comprehensive_e2e.TestPerformance" name="test_aging_dashboard_response_time" time="0.009" /><testcase classname="backend.tests.test_comprehensive_e2e.TestPerformance" name="test_ebrc_dashboard_response_time" time="0.011" /><testcase classname="backend.tests.test_comprehensive_e2e.TestEmptyState" name="test_new_user_empty_dashboards" time="0.346" /><testcase classname="backend.tests.test_comprehensive_e2e.TestConcurrency" name="test_concurrent_ebrc_updates" time="0.428" /></testsuite></testsuites>