<?xml version="1.0" encoding="utf-8"?><testsuites name="pytest tests"><testsuite name="pytest" errors="0" failures="0" skipped="0" tests="11" time="2.501" timestamp="2026-02-07T18:51:44.075657+00:00" hostname="agent-env-cdd83069-767d-44d1-b798-c877304424d9"><testcase classname="backend.tests.test_p0_p1_features.TestEBRCRejectionReasonEnforcement" name="test_reject_ebrc_without_reason_returns_422" time="0.359" /><testcase classname="backend.tests.test_p0_p1_features.TestEBRCRejectionReasonEnforcement" name="test_reject_ebrc_with_empty_reason_returns_422" time="0.040" /><testcase classname="backend.tests.test_p0_p1_features.TestEBRCRejectionReasonEnforcement" name="test_reject_ebrc_with_valid_reason_succeeds" time="0.083" /><testcase classname="backend.tests.test_p0_p1_features.TestEBRCRejectionReasonEnforcement" name="test_filed_status_without_reason_succeeds" time="0.070" /><testcase classname="backend.tests.test_p0_p1_features.TestEBRCRejectionReasonEnforcement" name="test_approved_status_without_reason_succeeds" time="0.040" /><testcase classname="backend.tests.test_p0_p1_features.TestPIIUnmaskAuditLogging" name="test_unmasked_endpoint_creates_audit_log" time="0.571" /><testcase classname="backend.tests.test_p0_p1_features.TestPIIAccessLogsEndpoint" name="test_pii_access_logs_endpoint_exists" time="0.043" /><testcase classname="backend.tests.test_p0_p1_features.TestPIIAccessLogsEndpoint" name="test_pii_access_logs_only_returns_pii_unmask_actions" time="0.577" /><testcase classname="backend.tests.test_p0_p1_features.TestPIIAccessLogsEndpoint" name="test_pii_access_logs_limit_parameter" time="0.041" /><testcase classname="backend.tests.test_p0_p1_features.TestPIIAccessLogsEndpoint" name="test_audit_logs_general_endpoint" time="0.039" /><testcase classname="backend.tests.test_p0_p1_features.TestAuditLogStructure" name="test_audit_log_contains_required_fields" time="0.608" /></testsuite></testsuites>