<?xml version="1.0" encoding="utf-8"?><testsuites name="pytest tests"><testsuite name="pytest" errors="0" failures="0" skipped="0" tests="36" time="2.753" timestamp="2026-02-07T17:25:45.386836+00:00" hostname="agent-env-98b089e6-345a-4f9b-85fd-7af1cd58b79a"><testcase classname="backend.tests.test_epic2_epic3.TestEBRCDashboard" name="test_ebrc_dashboard_returns_200" time="0.276" /><testcase classname="backend.tests.test_epic2_epic3.TestEBRCDashboard" name="test_ebrc_dashboard_structure" time="0.012" /><testcase classname="backend.tests.test_epic2_epic3.TestEBRCDashboard" name="test_ebrc_dashboard_pending_shipments" time="0.049" /><testcase classname="backend.tests.test_epic2_epic3.TestEBRCStatusUpdate" name="test_update_ebrc_status_to_filed" time="0.024" /><testcase classname="backend.tests.test_epic2_epic3.TestEBRCStatusUpdate" name="test_update_ebrc_status_to_approved" time="0.061" /><testcase classname="backend.tests.test_epic2_epic3.TestEBRCStatusUpdate" name="test_update_ebrc_status_to_pending" time="0.021" /><testcase classname="backend.tests.test_epic2_epic3.TestEBRCStatusUpdate" name="test_update_ebrc_invalid_shipment_returns_404" time="0.009" /><testcase classname="backend.tests.test_epic2_epic3.TestAgingDashboard" name="test_aging_dashboard_returns_200" time="0.012" /><testcase classname="backend.tests.test_epic2_epic3.TestAgingDashboard" name="test_aging_dashboard_structure" time="0.010" /><testcase classname="backend.tests.test_epic2_epic3.TestAgingDashboard" name="test_aging_dashboard_bucket_values" time="0.012" /><testcase classname="backend.tests.test_epic2_epic3.TestAgingDashboard" name="test_aging_dashboard_chart_data" time="0.011" /><testcase classname="backend.tests.test_epic2_epic3.TestAgingDashboard" name="test_aging_dashboard_total_calculation" time="0.012" /><testcase classname="backend.tests.test_epic2_epic3.TestReceivablesEndpoint" name="test_receivables_returns_200" time="0.010" /><testcase classname="backend.tests.test_epic2_epic3.TestReceivablesEndpoint" name="test_receivables_structure" time="0.011" /><testcase classname="backend.tests.test_epic2_epic3.TestPIIMasking" name="test_pii_masked_by_default" time="0.115" /><testcase classname="backend.tests.test_epic2_epic3.TestPIIMasking" name="test_pii_unmasked_on_explicit_request" time="0.072" /><testcase classname="backend.tests.test_epic2_epic3.TestIDORProtection" name="test_idor_shipment_access_denied" time="0.344" /><testcase classname="backend.tests.test_epic2_epic3.TestIDORProtection" name="test_idor_ebrc_update_denied" time="0.018" /><testcase classname="backend.tests.test_epic2_epic3.TestIDORProtection" name="test_idor_unmasked_endpoint_denied" time="0.058" /><testcase classname="backend.tests.test_epic2_epic3.TestPaymentRecording" name="test_record_payment_success" time="0.021" /><testcase classname="backend.tests.test_epic2_epic3.TestPaymentRecording" name="test_record_payment_invalid_shipment" time="0.049" /><testcase classname="backend.tests.test_epic2_epic3.TestPaymentRecording" name="test_get_shipment_payments" time="0.018" /><testcase classname="backend.tests.test_epic2_epic3.TestAgingLegacyEndpoint" name="test_aging_simple_returns_200" time="0.012" /><testcase classname="backend.tests.test_comprehensive_e2e.TestEBRCDeadlineLogic" name="test_ebrc_due_date_calculation" time="0.331" /><testcase classname="backend.tests.test_comprehensive_e2e.TestEBRCDeadlineLogic" name="test_critical_alert_for_old_shipments" time="0.048" /><testcase classname="backend.tests.test_comprehensive_e2e.TestEBRCRejection" name="test_ebrc_rejection_status_update" time="0.067" /><testcase classname="backend.tests.test_comprehensive_e2e.TestEBRCRejection" name="test_ebrc_rejection_reason_field" time="0.069" /><testcase classname="backend.tests.test_comprehensive_e2e.TestAgingBuckets" name="test_aging_bucket_0_30_days" time="0.010" /><testcase classname="backend.tests.test_comprehensive_e2e.TestAgingBuckets" name="test_receivables_due_date_based_on_credit_terms" time="0.011" /><testcase classname="backend.tests.test_comprehensive_e2e.TestRecordPaymentFlow" name="test_payment_reduces_outstanding" time="0.062" /><testcase classname="backend.tests.test_comprehensive_e2e.TestRecordPaymentFlow" name="test_full_payment_clears_receivable" time="0.081" /><testcase classname="backend.tests.test_comprehensive_e2e.TestNoPIIInLogs" name="test_list_endpoint_masks_pii" time="0.011" /><testcase classname="backend.tests.test_comprehensive_e2e.TestPerformance" name="test_aging_dashboard_response_time" time="0.011" /><testcase classname="backend.tests.test_comprehensive_e2e.TestPerformance" name="test_ebrc_dashboard_response_time" time="0.008" /><testcase classname="backend.tests.test_comprehensive_e2e.TestEmptyState" name="test_new_user_empty_dashboards" time="0.373" /><testcase classname="backend.tests.test_comprehensive_e2e.TestConcurrency" name="test_concurrent_ebrc_updates" time="0.396" /></testsuite></testsuites>