<?xml version="1.0" encoding="utf-8"?><testsuites name="pytest tests"><testsuite name="pytest" errors="0" failures="0" skipped="0" tests="16" time="4.608" timestamp="2026-02-07T23:03:32.355026+00:00" hostname="agent-env-cdd83069-767d-44d1-b798-c877304424d9"><testcase classname="backend.tests.test_security_framework.TestJWTSecurityFramework" name="test_login_returns_access_and_refresh_tokens" time="0.305" /><testcase classname="backend.tests.test_security_framework.TestJWTSecurityFramework" name="test_access_token_has_short_ttl" time="0.270" /><testcase classname="backend.tests.test_security_framework.TestJWTSecurityFramework" name="test_refresh_token_has_7_day_ttl" time="0.262" /><testcase classname="backend.tests.test_security_framework.TestJWTSecurityFramework" name="test_refresh_token_endpoint_returns_new_tokens" time="0.288" /><testcase classname="backend.tests.test_security_framework.TestJWTSecurityFramework" name="test_invalid_refresh_token_rejected" time="0.038" /><testcase classname="backend.tests.test_security_framework.TestJWTSecurityFramework" name="test_access_token_cannot_be_used_as_refresh" time="0.275" /><testcase classname="backend.tests.test_security_framework.TestAuditLogsAPI" name="test_audit_logs_endpoint_returns_entries" time="0.277" /><testcase classname="backend.tests.test_security_framework.TestAuditLogsAPI" name="test_pii_access_logs_endpoint" time="0.273" /><testcase classname="backend.tests.test_security_framework.TestAuditLogsAPI" name="test_security_events_endpoint" time="0.270" /><testcase classname="backend.tests.test_security_framework.TestAuditLogsAPI" name="test_audit_stats_endpoint" time="0.314" /><testcase classname="backend.tests.test_security_framework.TestAuditLogsAPI" name="test_audit_logs_with_filters" time="0.290" /><testcase classname="backend.tests.test_security_framework.TestAuditLogsAPI" name="test_action_types_endpoint" time="0.316" /><testcase classname="backend.tests.test_security_framework.TestAuditLogCreation" name="test_login_creates_audit_log" time="0.327" /><testcase classname="backend.tests.test_security_framework.TestAuditLogCreation" name="test_viewing_audit_logs_creates_audit_entry" time="0.374" /><testcase classname="backend.tests.test_security_framework.TestAuditLogCreation" name="test_tamper_proof_hash_chain" time="0.313" /><testcase classname="backend.tests.test_security_framework.TestUnmaskedShipmentAudit" name="test_unmasked_shipment_creates_pii_audit" time="0.355" /></testsuite></testsuites>