<?xml version="1.0" encoding="utf-8"?><testsuites name="pytest tests"><testsuite name="pytest" errors="0" failures="0" skipped="0" tests="12" time="3.711" timestamp="2026-02-07T19:11:17.654604+00:00" hostname="agent-env-cdd83069-767d-44d1-b798-c877304424d9"><testcase classname="backend.tests.test_new_features.TestOptimisticLocking" name="test_shipment_has_version_field" time="0.350" /><testcase classname="backend.tests.test_new_features.TestOptimisticLocking" name="test_update_with_correct_version_succeeds" time="0.305" /><testcase classname="backend.tests.test_new_features.TestOptimisticLocking" name="test_update_with_old_version_returns_409_conflict" time="0.352" /><testcase classname="backend.tests.test_new_features.TestOptimisticLocking" name="test_update_without_version_auto_increments" time="0.392" /><testcase classname="backend.tests.test_new_features.TestOptimisticLocking" name="test_concurrent_update_simulation" time="0.408" /><testcase classname="backend.tests.test_new_features.TestConnectorAPIs" name="test_bank_sync_endpoint_exists" time="0.265" /><testcase classname="backend.tests.test_new_features.TestConnectorAPIs" name="test_gst_sync_endpoint_exists" time="0.263" /><testcase classname="backend.tests.test_new_features.TestConnectorAPIs" name="test_customs_sync_endpoint_exists" time="0.274" /><testcase classname="backend.tests.test_new_features.TestDashboardAPIs" name="test_dashboard_stats_endpoint" time="0.271" /><testcase classname="backend.tests.test_new_features.TestDashboardAPIs" name="test_export_trend_chart_endpoint" time="0.265" /><testcase classname="backend.tests.test_new_features.TestDashboardAPIs" name="test_payment_status_chart_endpoint" time="0.272" /><testcase classname="backend.tests.test_new_features.TestDashboardAPIs" name="test_risk_alerts_endpoint" time="0.270" /></testsuite></testsuites>