<?xml version="1.0" encoding="utf-8"?><testsuites name="pytest tests"><testsuite name="pytest" errors="0" failures="0" skipped="0" tests="23" time="1.575" timestamp="2026-02-07T17:03:50.490594+00:00" hostname="agent-env-98b089e6-345a-4f9b-85fd-7af1cd58b79a"><testcase classname="backend.tests.test_epic2_epic3.TestEBRCDashboard" name="test_ebrc_dashboard_returns_200" time="0.316" /><testcase classname="backend.tests.test_epic2_epic3.TestEBRCDashboard" name="test_ebrc_dashboard_structure" time="0.037" /><testcase classname="backend.tests.test_epic2_epic3.TestEBRCDashboard" name="test_ebrc_dashboard_pending_shipments" time="0.059" /><testcase classname="backend.tests.test_epic2_epic3.TestEBRCStatusUpdate" name="test_update_ebrc_status_to_filed" time="0.047" /><testcase classname="backend.tests.test_epic2_epic3.TestEBRCStatusUpdate" name="test_update_ebrc_status_to_approved" time="0.067" /><testcase classname="backend.tests.test_epic2_epic3.TestEBRCStatusUpdate" name="test_update_ebrc_status_to_pending" time="0.067" /><testcase classname="backend.tests.test_epic2_epic3.TestEBRCStatusUpdate" name="test_update_ebrc_invalid_shipment_returns_404" time="0.061" /><testcase classname="backend.tests.test_epic2_epic3.TestAgingDashboard" name="test_aging_dashboard_returns_200" time="0.016" /><testcase classname="backend.tests.test_epic2_epic3.TestAgingDashboard" name="test_aging_dashboard_structure" time="0.014" /><testcase classname="backend.tests.test_epic2_epic3.TestAgingDashboard" name="test_aging_dashboard_bucket_values" time="0.015" /><testcase classname="backend.tests.test_epic2_epic3.TestAgingDashboard" name="test_aging_dashboard_chart_data" time="0.016" /><testcase classname="backend.tests.test_epic2_epic3.TestAgingDashboard" name="test_aging_dashboard_total_calculation" time="0.017" /><testcase classname="backend.tests.test_epic2_epic3.TestReceivablesEndpoint" name="test_receivables_returns_200" time="0.016" /><testcase classname="backend.tests.test_epic2_epic3.TestReceivablesEndpoint" name="test_receivables_structure" time="0.012" /><testcase classname="backend.tests.test_epic2_epic3.TestPIIMasking" name="test_pii_masked_by_default" time="0.090" /><testcase classname="backend.tests.test_epic2_epic3.TestPIIMasking" name="test_pii_unmasked_on_explicit_request" time="0.120" /><testcase classname="backend.tests.test_epic2_epic3.TestIDORProtection" name="test_idor_shipment_access_denied" time="0.285" /><testcase classname="backend.tests.test_epic2_epic3.TestIDORProtection" name="test_idor_ebrc_update_denied" time="0.022" /><testcase classname="backend.tests.test_epic2_epic3.TestIDORProtection" name="test_idor_unmasked_endpoint_denied" time="0.019" /><testcase classname="backend.tests.test_epic2_epic3.TestPaymentRecording" name="test_record_payment_success" time="0.066" /><testcase classname="backend.tests.test_epic2_epic3.TestPaymentRecording" name="test_record_payment_invalid_shipment" time="0.054" /><testcase classname="backend.tests.test_epic2_epic3.TestPaymentRecording" name="test_get_shipment_payments" time="0.077" /><testcase classname="backend.tests.test_epic2_epic3.TestAgingLegacyEndpoint" name="test_aging_simple_returns_200" time="0.014" /></testsuite></testsuites>