<?xml version="1.0" encoding="utf-8"?><testsuites name="pytest tests"><testsuite name="pytest" errors="0" failures="0" skipped="0" tests="27" time="0.961" timestamp="2026-02-07T16:48:56.314577+00:00" hostname="agent-env-98b089e6-345a-4f9b-85fd-7af1cd58b79a"><testcase classname="backend.tests.test_incentives_optimizer.TestHealthCheck" name="test_api_health" time="0.062" /><testcase classname="backend.tests.test_incentives_optimizer.TestAuthentication" name="test_login_success" time="0.242" /><testcase classname="backend.tests.test_incentives_optimizer.TestAuthentication" name="test_login_invalid_credentials" time="0.010" /><testcase classname="backend.tests.test_incentives_optimizer.TestHSCodeEligibility" name="test_moradabad_hs_code_eligibility[74198030-3.0-1.2]" time="0.010" /><testcase classname="backend.tests.test_incentives_optimizer.TestHSCodeEligibility" name="test_moradabad_hs_code_eligibility[74181022-2.0-0.8]" time="0.010" /><testcase classname="backend.tests.test_incentives_optimizer.TestHSCodeEligibility" name="test_moradabad_hs_code_eligibility[94032010-1.0-0.5]" time="0.009" /><testcase classname="backend.tests.test_incentives_optimizer.TestHSCodeEligibility" name="test_moradabad_hs_code_eligibility[94055000-2.0-0.8]" time="0.010" /><testcase classname="backend.tests.test_incentives_optimizer.TestHSCodeEligibility" name="test_moradabad_hs_code_eligibility[73269099-1.5-0.6]" time="0.011" /><testcase classname="backend.tests.test_incentives_optimizer.TestHSCodeEligibility" name="test_moradabad_hs_code_eligibility[68022190-2.0-0.8]" time="0.049" /><testcase classname="backend.tests.test_incentives_optimizer.TestHSCodeEligibility" name="test_hs_code_with_description" time="0.008" /><testcase classname="backend.tests.test_incentives_optimizer.TestHSCodeEligibility" name="test_hs_code_total_rate" time="0.010" /><testcase classname="backend.tests.test_incentives_optimizer.TestHSCodeEligibility" name="test_hs_code_missing_parameter" time="0.009" /><testcase classname="backend.tests.test_incentives_optimizer.TestLeakageDashboard" name="test_leakage_dashboard_structure" time="0.239" /><testcase classname="backend.tests.test_incentives_optimizer.TestLeakageDashboard" name="test_leakage_dashboard_values" time="0.010" /><testcase classname="backend.tests.test_incentives_optimizer.TestLeakageDashboard" name="test_leakage_dashboard_priority" time="0.011" /><testcase classname="backend.tests.test_incentives_optimizer.TestLeakageDashboard" name="test_top_leaking_shipments" time="0.010" /><testcase classname="backend.tests.test_incentives_optimizer.TestShipmentAnalysis" name="test_shipment_analysis_structure" time="0.007" /><testcase classname="backend.tests.test_incentives_optimizer.TestShipmentAnalysis" name="test_shipment_analysis_breakdown" time="0.008" /><testcase classname="backend.tests.test_incentives_optimizer.TestShipmentAnalysis" name="test_shipment_analysis_leakage_calculation" time="0.007" /><testcase classname="backend.tests.test_incentives_optimizer.TestShipmentAnalysis" name="test_shipment_has_moradabad_hs_codes" time="0.008" /><testcase classname="backend.tests.test_incentives_optimizer.TestCalculateIncentive" name="test_calculate_incentive_brass" time="0.056" /><testcase classname="backend.tests.test_incentives_optimizer.TestCalculateIncentive" name="test_calculate_incentive_breakdown" time="0.015" /><testcase classname="backend.tests.test_incentives_optimizer.TestCalculateIncentive" name="test_calculate_incentive_usd_conversion" time="0.014" /><testcase classname="backend.tests.test_incentives_optimizer.TestIncentivesSummary" name="test_summary_structure" time="0.048" /><testcase classname="backend.tests.test_incentives_optimizer.TestIncentivesSummary" name="test_summary_by_scheme" time="0.008" /><testcase classname="backend.tests.test_incentives_optimizer.TestShipmentsAPI" name="test_get_shipments" time="0.010" /><testcase classname="backend.tests.test_incentives_optimizer.TestShipmentsAPI" name="test_shipments_have_hs_codes" time="0.007" /></testsuite></testsuites>