<?xml version="1.0" encoding="utf-8"?><testsuites name="pytest tests"><testsuite name="pytest" errors="8" failures="3" skipped="0" tests="11" time="0.759" timestamp="2026-02-07T18:51:27.599674+00:00" hostname="agent-env-cdd83069-767d-44d1-b798-c877304424d9"><testcase classname="backend.tests.test_p0_p1_features.TestEBRCRejectionReasonEnforcement" name="test_reject_ebrc_without_reason_returns_422" time="0.363"><error message="failed on setup with &quot;AssertionError: Failed to create test shipment: {&quot;detail&quot;:&quot;Invalid token&quot;}&#10;assert 401 == 200&#10; +  where 401 = &lt;Response [401]&gt;.status_code&quot;">backend/tests/test_p0_p1_features.py:60: in test_shipment
    assert response.status_code == 200, f"Failed to create test shipment: {response.text}"
E   AssertionError: Failed to create test shipment: {"detail":"Invalid token"}
E   assert 401 == 200
E    +  where 401 = &lt;Response [401]&gt;.status_code</error></testcase><testcase classname="backend.tests.test_p0_p1_features.TestEBRCRejectionReasonEnforcement" name="test_reject_ebrc_with_empty_reason_returns_422" time="0.000"><error message="failed on setup with &quot;AssertionError: Failed to create test shipment: {&quot;detail&quot;:&quot;Invalid token&quot;}&#10;assert 401 == 200&#10; +  where 401 = &lt;Response [401]&gt;.status_code&quot;">backend/tests/test_p0_p1_features.py:60: in test_shipment
    assert response.status_code == 200, f"Failed to create test shipment: {response.text}"
E   AssertionError: Failed to create test shipment: {"detail":"Invalid token"}
E   assert 401 == 200
E    +  where 401 = &lt;Response [401]&gt;.status_code</error></testcase><testcase classname="backend.tests.test_p0_p1_features.TestEBRCRejectionReasonEnforcement" name="test_reject_ebrc_with_valid_reason_succeeds" time="0.001"><error message="failed on setup with &quot;AssertionError: Failed to create test shipment: {&quot;detail&quot;:&quot;Invalid token&quot;}&#10;assert 401 == 200&#10; +  where 401 = &lt;Response [401]&gt;.status_code&quot;">backend/tests/test_p0_p1_features.py:60: in test_shipment
    assert response.status_code == 200, f"Failed to create test shipment: {response.text}"
E   AssertionError: Failed to create test shipment: {"detail":"Invalid token"}
E   assert 401 == 200
E    +  where 401 = &lt;Response [401]&gt;.status_code</error></testcase><testcase classname="backend.tests.test_p0_p1_features.TestEBRCRejectionReasonEnforcement" name="test_filed_status_without_reason_succeeds" time="0.000"><error message="failed on setup with &quot;AssertionError: Failed to create test shipment: {&quot;detail&quot;:&quot;Invalid token&quot;}&#10;assert 401 == 200&#10; +  where 401 = &lt;Response [401]&gt;.status_code&quot;">backend/tests/test_p0_p1_features.py:60: in test_shipment
    assert response.status_code == 200, f"Failed to create test shipment: {response.text}"
E   AssertionError: Failed to create test shipment: {"detail":"Invalid token"}
E   assert 401 == 200
E    +  where 401 = &lt;Response [401]&gt;.status_code</error></testcase><testcase classname="backend.tests.test_p0_p1_features.TestEBRCRejectionReasonEnforcement" name="test_approved_status_without_reason_succeeds" time="0.000"><error message="failed on setup with &quot;AssertionError: Failed to create test shipment: {&quot;detail&quot;:&quot;Invalid token&quot;}&#10;assert 401 == 200&#10; +  where 401 = &lt;Response [401]&gt;.status_code&quot;">backend/tests/test_p0_p1_features.py:60: in test_shipment
    assert response.status_code == 200, f"Failed to create test shipment: {response.text}"
E   AssertionError: Failed to create test shipment: {"detail":"Invalid token"}
E   assert 401 == 200
E    +  where 401 = &lt;Response [401]&gt;.status_code</error></testcase><testcase classname="backend.tests.test_p0_p1_features.TestPIIUnmaskAuditLogging" name="test_unmasked_endpoint_creates_audit_log" time="0.000"><error message="failed on setup with &quot;AssertionError: Failed to create test shipment: {&quot;detail&quot;:&quot;Invalid token&quot;}&#10;assert 401 == 200&#10; +  where 401 = &lt;Response [401]&gt;.status_code&quot;">backend/tests/test_p0_p1_features.py:60: in test_shipment
    assert response.status_code == 200, f"Failed to create test shipment: {response.text}"
E   AssertionError: Failed to create test shipment: {"detail":"Invalid token"}
E   assert 401 == 200
E    +  where 401 = &lt;Response [401]&gt;.status_code</error></testcase><testcase classname="backend.tests.test_p0_p1_features.TestPIIAccessLogsEndpoint" name="test_pii_access_logs_endpoint_exists" time="0.038"><failure message="AssertionError: Expected 200, got 401: {&quot;detail&quot;:&quot;Invalid token&quot;}&#10;assert 401 == 200&#10; +  where 401 = &lt;Response [401]&gt;.status_code">backend/tests/test_p0_p1_features.py:266: in test_pii_access_logs_endpoint_exists
    assert response.status_code == 200, f"Expected 200, got {response.status_code}: {response.text}"
E   AssertionError: Expected 200, got 401: {"detail":"Invalid token"}
E   assert 401 == 200
E    +  where 401 = &lt;Response [401]&gt;.status_code</failure></testcase><testcase classname="backend.tests.test_p0_p1_features.TestPIIAccessLogsEndpoint" name="test_pii_access_logs_only_returns_pii_unmask_actions" time="0.000"><error message="failed on setup with &quot;AssertionError: Failed to create test shipment: {&quot;detail&quot;:&quot;Invalid token&quot;}&#10;assert 401 == 200&#10; +  where 401 = &lt;Response [401]&gt;.status_code&quot;">backend/tests/test_p0_p1_features.py:60: in test_shipment
    assert response.status_code == 200, f"Failed to create test shipment: {response.text}"
E   AssertionError: Failed to create test shipment: {"detail":"Invalid token"}
E   assert 401 == 200
E    +  where 401 = &lt;Response [401]&gt;.status_code</error></testcase><testcase classname="backend.tests.test_p0_p1_features.TestPIIAccessLogsEndpoint" name="test_pii_access_logs_limit_parameter" time="0.073"><failure message="assert 401 == 200&#10; +  where 401 = &lt;Response [401]&gt;.status_code">backend/tests/test_p0_p1_features.py:312: in test_pii_access_logs_limit_parameter
    assert response.status_code == 200
E   assert 401 == 200
E    +  where 401 = &lt;Response [401]&gt;.status_code</failure></testcase><testcase classname="backend.tests.test_p0_p1_features.TestPIIAccessLogsEndpoint" name="test_audit_logs_general_endpoint" time="0.104"><failure message="AssertionError: Expected 200, got 401&#10;assert 401 == 200&#10; +  where 401 = &lt;Response [401]&gt;.status_code">backend/tests/test_p0_p1_features.py:330: in test_audit_logs_general_endpoint
    assert response.status_code == 200, f"Expected 200, got {response.status_code}"
E   AssertionError: Expected 200, got 401
E   assert 401 == 200
E    +  where 401 = &lt;Response [401]&gt;.status_code</failure></testcase><testcase classname="backend.tests.test_p0_p1_features.TestAuditLogStructure" name="test_audit_log_contains_required_fields" time="0.000"><error message="failed on setup with &quot;AssertionError: Failed to create test shipment: {&quot;detail&quot;:&quot;Invalid token&quot;}&#10;assert 401 == 200&#10; +  where 401 = &lt;Response [401]&gt;.status_code&quot;">backend/tests/test_p0_p1_features.py:60: in test_shipment
    assert response.status_code == 200, f"Failed to create test shipment: {response.text}"
E   AssertionError: Failed to create test shipment: {"detail":"Invalid token"}
E   assert 401 == 200
E    +  where 401 = &lt;Response [401]&gt;.status_code</error></testcase></testsuite></testsuites>