<?xml version="1.0" encoding="utf-8"?><testsuites name="pytest tests"><testsuite name="pytest" errors="0" failures="0" skipped="0" tests="20" time="23.932" timestamp="2026-02-07T17:35:50.944773+00:00" hostname="agent-env-98b089e6-345a-4f9b-85fd-7af1cd58b79a"><testcase classname="tests.test_p2_features.TestAIQueryEndpoint" name="test_ai_query_success" time="6.418" /><testcase classname="tests.test_p2_features.TestAIQueryEndpoint" name="test_ai_query_with_session_id" time="6.291" /><testcase classname="tests.test_p2_features.TestAIQueryEndpoint" name="test_ai_query_unauthorized" time="0.009" /><testcase classname="tests.test_p2_features.TestAIChatHistory" name="test_chat_history_returns_list" time="0.314" /><testcase classname="tests.test_p2_features.TestAIChatHistory" name="test_chat_history_with_limit" time="0.009" /><testcase classname="tests.test_p2_features.TestAIRiskAlerts" name="test_risk_alerts_returns_alerts" time="0.301" /><testcase classname="tests.test_p2_features.TestAIRiskAlerts" name="test_risk_alerts_includes_ebrc_and_payment" time="0.014" /><testcase classname="tests.test_p2_features.TestAIIncentiveOptimizer" name="test_incentive_optimizer_returns_recommendations" time="0.293" /><testcase classname="tests.test_p2_features.TestAIShipmentAnalysis" name="test_analyze_shipment_not_found" time="0.299" /><testcase classname="tests.test_p2_features.TestAIShipmentAnalysis" name="test_analyze_shipment_with_valid_id" time="7.043" /><testcase classname="tests.test_p2_features.TestAIRefundForecast" name="test_refund_forecast_returns_forecast" time="0.314" /><testcase classname="tests.test_p2_features.TestAICashflowForecast" name="test_cashflow_forecast_returns_forecast" time="0.294" /><testcase classname="tests.test_p2_features.TestDocumentUpload" name="test_document_upload_success" time="0.297" /><testcase classname="tests.test_p2_features.TestDocumentUpload" name="test_document_upload_pdf" time="0.016" /><testcase classname="tests.test_p2_features.TestDocumentList" name="test_list_uploaded_files" time="0.292" /><testcase classname="tests.test_p2_features.TestOCRProcessing" name="test_ocr_process_requires_file_id" time="0.295" /><testcase classname="tests.test_p2_features.TestOCRProcessing" name="test_ocr_with_valid_file" time="0.768" /><testcase classname="tests.test_p2_features.TestEmailAlerts" name="test_email_alerts_sendgrid_not_configured" time="0.301" /><testcase classname="tests.test_p2_features.TestEmailAlerts" name="test_email_alerts_uses_user_email" time="0.010" /><testcase classname="tests.test_p2_features.TestEmailLog" name="test_email_log_returns_list" time="0.289" /></testsuite></testsuites>