<?xml version="1.0" encoding="utf-8"?><testsuites name="pytest tests"><testsuite name="pytest" errors="0" failures="0" skipped="0" tests="23" time="1.434" timestamp="2026-02-07T17:24:18.170982+00:00" hostname="agent-env-98b089e6-345a-4f9b-85fd-7af1cd58b79a"><testcase classname="backend.tests.test_epic2_epic3.TestEBRCDashboard" name="test_ebrc_dashboard_returns_200" time="0.313" /><testcase classname="backend.tests.test_epic2_epic3.TestEBRCDashboard" name="test_ebrc_dashboard_structure" time="0.054" /><testcase classname="backend.tests.test_epic2_epic3.TestEBRCDashboard" name="test_ebrc_dashboard_pending_shipments" time="0.013" /><testcase classname="backend.tests.test_epic2_epic3.TestEBRCStatusUpdate" name="test_update_ebrc_status_to_filed" time="0.019" /><testcase classname="backend.tests.test_epic2_epic3.TestEBRCStatusUpdate" name="test_update_ebrc_status_to_approved" time="0.061" /><testcase classname="backend.tests.test_epic2_epic3.TestEBRCStatusUpdate" name="test_update_ebrc_status_to_pending" time="0.024" /><testcase classname="backend.tests.test_epic2_epic3.TestEBRCStatusUpdate" name="test_update_ebrc_invalid_shipment_returns_404" time="0.053" /><testcase classname="backend.tests.test_epic2_epic3.TestAgingDashboard" name="test_aging_dashboard_returns_200" time="0.013" /><testcase classname="backend.tests.test_epic2_epic3.TestAgingDashboard" name="test_aging_dashboard_structure" time="0.017" /><testcase classname="backend.tests.test_epic2_epic3.TestAgingDashboard" name="test_aging_dashboard_bucket_values" time="0.023" /><testcase classname="backend.tests.test_epic2_epic3.TestAgingDashboard" name="test_aging_dashboard_chart_data" time="0.011" /><testcase classname="backend.tests.test_epic2_epic3.TestAgingDashboard" name="test_aging_dashboard_total_calculation" time="0.012" /><testcase classname="backend.tests.test_epic2_epic3.TestReceivablesEndpoint" name="test_receivables_returns_200" time="0.051" /><testcase classname="backend.tests.test_epic2_epic3.TestReceivablesEndpoint" name="test_receivables_structure" time="0.012" /><testcase classname="backend.tests.test_epic2_epic3.TestPIIMasking" name="test_pii_masked_by_default" time="0.070" /><testcase classname="backend.tests.test_epic2_epic3.TestPIIMasking" name="test_pii_unmasked_on_explicit_request" time="0.109" /><testcase classname="backend.tests.test_epic2_epic3.TestIDORProtection" name="test_idor_shipment_access_denied" time="0.330" /><testcase classname="backend.tests.test_epic2_epic3.TestIDORProtection" name="test_idor_ebrc_update_denied" time="0.060" /><testcase classname="backend.tests.test_epic2_epic3.TestIDORProtection" name="test_idor_unmasked_endpoint_denied" time="0.027" /><testcase classname="backend.tests.test_epic2_epic3.TestPaymentRecording" name="test_record_payment_success" time="0.060" /><testcase classname="backend.tests.test_epic2_epic3.TestPaymentRecording" name="test_record_payment_invalid_shipment" time="0.009" /><testcase classname="backend.tests.test_epic2_epic3.TestPaymentRecording" name="test_get_shipment_payments" time="0.056" /><testcase classname="backend.tests.test_epic2_epic3.TestAgingLegacyEndpoint" name="test_aging_simple_returns_200" time="0.010" /></testsuite></testsuites>