<?xml version="1.0" encoding="utf-8"?><testsuites name="pytest tests"><testsuite name="pytest" errors="0" failures="0" skipped="0" tests="24" time="47.100" timestamp="2026-02-07T17:19:59.532333+00:00" hostname="agent-env-98b089e6-345a-4f9b-85fd-7af1cd58b79a"><testcase classname="backend.tests.test_jwt_blacklist_exports.TestJWTBlacklisting" name="test_login_success" time="0.301" /><testcase classname="backend.tests.test_jwt_blacklist_exports.TestJWTBlacklisting" name="test_logout_blacklists_token" time="36.078" /><testcase classname="backend.tests.test_jwt_blacklist_exports.TestJWTBlacklisting" name="test_logout_returns_proper_response" time="0.340" /><testcase classname="backend.tests.test_jwt_blacklist_exports.TestJWTBlacklisting" name="test_logout_without_auth_fails" time="0.035" /><testcase classname="backend.tests.test_jwt_blacklist_exports.TestChangePassword" name="test_change_password_success" time="2.564" /><testcase classname="backend.tests.test_jwt_blacklist_exports.TestChangePassword" name="test_change_password_invalidates_old_token" time="1.862" /><testcase classname="backend.tests.test_jwt_blacklist_exports.TestChangePassword" name="test_change_password_wrong_current_fails" time="0.604" /><testcase classname="backend.tests.test_jwt_blacklist_exports.TestExportJobCreation" name="test_create_shipments_csv_export" time="0.297" /><testcase classname="backend.tests.test_jwt_blacklist_exports.TestExportJobCreation" name="test_create_shipments_xlsx_export" time="0.318" /><testcase classname="backend.tests.test_jwt_blacklist_exports.TestExportJobCreation" name="test_create_shipments_pdf_export" time="0.367" /><testcase classname="backend.tests.test_jwt_blacklist_exports.TestExportJobCreation" name="test_create_payments_export" time="0.299" /><testcase classname="backend.tests.test_jwt_blacklist_exports.TestExportJobCreation" name="test_create_receivables_export" time="0.303" /><testcase classname="backend.tests.test_jwt_blacklist_exports.TestExportJobCreation" name="test_create_incentives_export" time="0.308" /><testcase classname="backend.tests.test_jwt_blacklist_exports.TestExportJobCreation" name="test_invalid_export_type_fails" time="0.293" /><testcase classname="backend.tests.test_jwt_blacklist_exports.TestExportJobCreation" name="test_invalid_format_fails" time="0.291" /><testcase classname="backend.tests.test_jwt_blacklist_exports.TestExportJobCreation" name="test_export_without_auth_fails" time="0.033" /><testcase classname="backend.tests.test_jwt_blacklist_exports.TestExportJobStatus" name="test_list_export_jobs" time="0.294" /><testcase classname="backend.tests.test_jwt_blacklist_exports.TestExportJobStatus" name="test_get_export_job_status" time="0.341" /><testcase classname="backend.tests.test_jwt_blacklist_exports.TestExportJobStatus" name="test_get_nonexistent_job_returns_error" time="0.295" /><testcase classname="backend.tests.test_jwt_blacklist_exports.TestExportDownload" name="test_download_csv_export" time="0.385" /><testcase classname="backend.tests.test_jwt_blacklist_exports.TestExportDownload" name="test_download_xlsx_export" time="0.381" /><testcase classname="backend.tests.test_jwt_blacklist_exports.TestExportDownload" name="test_download_pdf_export" time="0.417" /><testcase classname="backend.tests.test_jwt_blacklist_exports.TestExportDownload" name="test_download_nonexistent_export_fails" time="0.328" /><testcase classname="backend.tests.test_jwt_blacklist_exports.TestExportWithFilters" name="test_export_shipments_with_status_filter" time="0.304" /></testsuite></testsuites>