<?xml version="1.0" encoding="utf-8"?><testsuites name="pytest tests"><testsuite name="pytest" errors="0" failures="0" skipped="0" tests="9" time="3.705" timestamp="2026-02-18T19:58:01.971764+00:00" hostname="agent-env-664ceb0c-1f72-4f71-b3df-bb0689850f8b"><testcase classname="backend.tests.test_auth_css_iteration.TestAuthEndpoints" name="test_login_returns_required_fields" time="1.421" /><testcase classname="backend.tests.test_auth_css_iteration.TestAuthEndpoints" name="test_access_token_has_correct_ttl" time="0.000" /><testcase classname="backend.tests.test_auth_css_iteration.TestAuthEndpoints" name="test_user_object_has_required_fields" time="0.000" /><testcase classname="backend.tests.test_auth_css_iteration.TestAuthEndpoints" name="test_auth_me_endpoint" time="0.075" /><testcase classname="backend.tests.test_auth_css_iteration.TestRegistrationEndpoint" name="test_register_new_user" time="0.398" /><testcase classname="backend.tests.test_auth_css_iteration.TestDashboardEndpoints" name="test_dashboard_stats_endpoint" time="1.485" /><testcase classname="backend.tests.test_auth_css_iteration.TestDashboardEndpoints" name="test_export_trend_chart_endpoint" time="0.104" /><testcase classname="backend.tests.test_auth_css_iteration.TestDashboardEndpoints" name="test_risk_alerts_endpoint" time="0.066" /><testcase classname="backend.tests.test_auth_css_iteration.TestAPIHealth" name="test_health_endpoint" time="0.131" /></testsuite></testsuites>